2022-02-16 11:44:08.261  INFO 17588 --- [main] com.example.userapi.UserApiApplication   : Starting UserApiApplication using Java 17.0.1 on Bharat-Aspire with PID 17588 (C:\Users\Krishna Singh Verma\Documents\milestone2testCases\Milestones-Assignment-Filter\UserApi\target\classes started by Krishna Singh Verma in C:\Users\Krishna Singh Verma\Documents\milestone2testCases\Milestones-Assignment-Filter\UserApi)
2022-02-16 11:44:08.265  INFO 17588 --- [main] com.example.userapi.UserApiApplication   : No active profile set, falling back to default profiles: default
2022-02-16 11:44:09.325  INFO 17588 --- [main] .s.d.r.c.RepositoryConfigurationDelegate : Bootstrapping Spring Data JPA repositories in DEFAULT mode.
2022-02-16 11:44:09.420  INFO 17588 --- [main] .s.d.r.c.RepositoryConfigurationDelegate : Finished Spring Data repository scanning in 77 ms. Found 1 JPA repository interfaces.
2022-02-16 11:44:10.334  INFO 17588 --- [main] o.s.b.w.embedded.tomcat.TomcatWebServer  : Tomcat initialized with port(s): 8080 (http)
2022-02-16 11:44:10.353  INFO 17588 --- [main] o.apache.catalina.core.StandardService   : Starting service [Tomcat]
2022-02-16 11:44:10.354  INFO 17588 --- [main] org.apache.catalina.core.StandardEngine  : Starting Servlet engine: [Apache Tomcat/9.0.56]
2022-02-16 11:44:10.535  INFO 17588 --- [main] o.a.c.c.C.[Tomcat].[localhost].[/]       : Initializing Spring embedded WebApplicationContext
2022-02-16 11:44:10.535  INFO 17588 --- [main] w.s.c.ServletWebServerApplicationContext : Root WebApplicationContext: initialization completed in 2185 ms
2022-02-16 11:44:10.822  INFO 17588 --- [main] o.hibernate.jpa.internal.util.LogHelper  : HHH000204: Processing PersistenceUnitInfo [name: default]
2022-02-16 11:44:10.972  INFO 17588 --- [main] org.hibernate.Version                    : HHH000412: Hibernate ORM core version 5.6.3.Final
2022-02-16 11:44:11.208  INFO 17588 --- [main] o.hibernate.annotations.common.Version   : HCANN000001: Hibernate Commons Annotations {5.1.2.Final}
2022-02-16 11:44:11.379  INFO 17588 --- [main] com.zaxxer.hikari.HikariDataSource       : HikariPool-1 - Starting...
2022-02-16 11:44:11.868  INFO 17588 --- [main] com.zaxxer.hikari.HikariDataSource       : HikariPool-1 - Start completed.
2022-02-16 11:44:11.903  INFO 17588 --- [main] org.hibernate.dialect.Dialect            : HHH000400: Using dialect: org.hibernate.dialect.MySQL8Dialect
2022-02-16 11:44:12.910  INFO 17588 --- [main] o.h.e.t.j.p.i.JtaPlatformInitiator       : HHH000490: Using JtaPlatform implementation: [org.hibernate.engine.transaction.jta.platform.internal.NoJtaPlatform]
2022-02-16 11:44:12.919  INFO 17588 --- [main] j.LocalContainerEntityManagerFactoryBean : Initialized JPA EntityManagerFactory for persistence unit 'default'
2022-02-16 11:44:13.496  WARN 17588 --- [main] JpaBaseConfiguration$JpaWebConfiguration : spring.jpa.open-in-view is enabled by default. Therefore, database queries may be performed during view rendering. Explicitly configure spring.jpa.open-in-view to disable this warning
2022-02-16 11:44:14.066  INFO 17588 --- [main] o.s.b.w.embedded.tomcat.TomcatWebServer  : Tomcat started on port(s): 8080 (http) with context path ''
2022-02-16 11:44:14.082  INFO 17588 --- [main] com.example.userapi.UserApiApplication   : Started UserApiApplication in 6.579 seconds (JVM running for 7.327)
2022-02-16 11:45:08.096  INFO 17588 --- [http-nio-8080-exec-1] o.a.c.c.C.[Tomcat].[localhost].[/]       : Initializing Spring DispatcherServlet 'dispatcherServlet'
2022-02-16 11:45:08.096  INFO 17588 --- [http-nio-8080-exec-1] o.s.web.servlet.DispatcherServlet        : Initializing Servlet 'dispatcherServlet'
2022-02-16 11:45:08.098  INFO 17588 --- [http-nio-8080-exec-1] o.s.web.servlet.DispatcherServlet        : Completed initialization in 2 ms
2022-02-16 11:45:08.446  INFO 17588 --- [http-nio-8080-exec-1] com.example.userapi.UserController       : user created successfully
2022-02-16 11:50:14.022  WARN 17588 --- [http-nio-8080-exec-7] .w.s.m.s.DefaultHandlerExceptionResolver : Resolved [org.springframework.web.HttpRequestMethodNotSupportedException: Request method 'GET' not supported]
2022-02-16 11:52:06.416  INFO 17588 --- [SpringApplicationShutdownHook] j.LocalContainerEntityManagerFactoryBean : Closing JPA EntityManagerFactory for persistence unit 'default'
2022-02-16 11:52:06.421  INFO 17588 --- [SpringApplicationShutdownHook] com.zaxxer.hikari.HikariDataSource       : HikariPool-1 - Shutdown initiated...
2022-02-16 11:52:06.441  INFO 17588 --- [SpringApplicationShutdownHook] com.zaxxer.hikari.HikariDataSource       : HikariPool-1 - Shutdown completed.
2022-02-16 11:52:09.485  INFO 592 --- [main] com.example.userapi.UserApiApplication   : Starting UserApiApplication using Java 17.0.1 on Bharat-Aspire with PID 592 (C:\Users\Krishna Singh Verma\Documents\milestone2testCases\Milestones-Assignment-Filter\UserApi\target\classes started by Krishna Singh Verma in C:\Users\Krishna Singh Verma\Documents\milestone2testCases\Milestones-Assignment-Filter\UserApi)
2022-02-16 11:52:09.489  INFO 592 --- [main] com.example.userapi.UserApiApplication   : No active profile set, falling back to default profiles: default
2022-02-16 11:52:10.310  INFO 592 --- [main] .s.d.r.c.RepositoryConfigurationDelegate : Bootstrapping Spring Data JPA repositories in DEFAULT mode.
2022-02-16 11:52:10.376  INFO 592 --- [main] .s.d.r.c.RepositoryConfigurationDelegate : Finished Spring Data repository scanning in 48 ms. Found 1 JPA repository interfaces.
2022-02-16 11:52:11.130  INFO 592 --- [main] o.s.b.w.embedded.tomcat.TomcatWebServer  : Tomcat initialized with port(s): 8080 (http)
2022-02-16 11:52:11.146  INFO 592 --- [main] o.apache.catalina.core.StandardService   : Starting service [Tomcat]
2022-02-16 11:52:11.146  INFO 592 --- [main] org.apache.catalina.core.StandardEngine  : Starting Servlet engine: [Apache Tomcat/9.0.56]
2022-02-16 11:52:11.300  INFO 592 --- [main] o.a.c.c.C.[Tomcat].[localhost].[/]       : Initializing Spring embedded WebApplicationContext
2022-02-16 11:52:11.301  INFO 592 --- [main] w.s.c.ServletWebServerApplicationContext : Root WebApplicationContext: initialization completed in 1739 ms
2022-02-16 11:52:11.566  INFO 592 --- [main] o.hibernate.jpa.internal.util.LogHelper  : HHH000204: Processing PersistenceUnitInfo [name: default]
2022-02-16 11:52:11.635  INFO 592 --- [main] org.hibernate.Version                    : HHH000412: Hibernate ORM core version 5.6.3.Final
2022-02-16 11:52:11.871  INFO 592 --- [main] o.hibernate.annotations.common.Version   : HCANN000001: Hibernate Commons Annotations {5.1.2.Final}
2022-02-16 11:52:11.984  INFO 592 --- [main] com.zaxxer.hikari.HikariDataSource       : HikariPool-1 - Starting...
2022-02-16 11:52:12.420  INFO 592 --- [main] com.zaxxer.hikari.HikariDataSource       : HikariPool-1 - Start completed.
2022-02-16 11:52:12.460  INFO 592 --- [main] org.hibernate.dialect.Dialect            : HHH000400: Using dialect: org.hibernate.dialect.MySQL8Dialect
2022-02-16 11:52:13.409  INFO 592 --- [main] o.h.e.t.j.p.i.JtaPlatformInitiator       : HHH000490: Using JtaPlatform implementation: [org.hibernate.engine.transaction.jta.platform.internal.NoJtaPlatform]
2022-02-16 11:52:13.422  INFO 592 --- [main] j.LocalContainerEntityManagerFactoryBean : Initialized JPA EntityManagerFactory for persistence unit 'default'
2022-02-16 11:52:13.964  WARN 592 --- [main] JpaBaseConfiguration$JpaWebConfiguration : spring.jpa.open-in-view is enabled by default. Therefore, database queries may be performed during view rendering. Explicitly configure spring.jpa.open-in-view to disable this warning
2022-02-16 11:52:14.400  INFO 592 --- [main] o.s.b.w.embedded.tomcat.TomcatWebServer  : Tomcat started on port(s): 8080 (http) with context path ''
2022-02-16 11:52:14.411  INFO 592 --- [main] com.example.userapi.UserApiApplication   : Started UserApiApplication in 5.498 seconds (JVM running for 6.072)
2022-02-16 11:52:20.470  INFO 592 --- [http-nio-8080-exec-2] o.a.c.c.C.[Tomcat].[localhost].[/]       : Initializing Spring DispatcherServlet 'dispatcherServlet'
2022-02-16 11:52:20.471  INFO 592 --- [http-nio-8080-exec-2] o.s.web.servlet.DispatcherServlet        : Initializing Servlet 'dispatcherServlet'
2022-02-16 11:52:20.472  INFO 592 --- [http-nio-8080-exec-2] o.s.web.servlet.DispatcherServlet        : Completed initialization in 1 ms
2022-02-16 11:52:20.848  INFO 592 --- [http-nio-8080-exec-2] com.example.userapi.UserController       : user created successfully
2022-02-16 11:52:27.468  INFO 592 --- [http-nio-8080-exec-3] com.example.userapi.UserService          : hello u are trying to print all users
2022-02-16 11:52:55.358  INFO 592 --- [SpringApplicationShutdownHook] j.LocalContainerEntityManagerFactoryBean : Closing JPA EntityManagerFactory for persistence unit 'default'
2022-02-16 11:52:55.361  INFO 592 --- [SpringApplicationShutdownHook] com.zaxxer.hikari.HikariDataSource       : HikariPool-1 - Shutdown initiated...
2022-02-16 11:52:55.379  INFO 592 --- [SpringApplicationShutdownHook] com.zaxxer.hikari.HikariDataSource       : HikariPool-1 - Shutdown completed.
2022-02-16 11:52:59.743  INFO 1576 --- [main] com.example.userapi.UserApiApplication   : Starting UserApiApplication using Java 17.0.1 on Bharat-Aspire with PID 1576 (C:\Users\Krishna Singh Verma\Documents\milestone2testCases\Milestones-Assignment-Filter\UserApi\target\classes started by Krishna Singh Verma in C:\Users\Krishna Singh Verma\Documents\milestone2testCases\Milestones-Assignment-Filter\UserApi)
2022-02-16 11:52:59.746  INFO 1576 --- [main] com.example.userapi.UserApiApplication   : No active profile set, falling back to default profiles: default
2022-02-16 11:53:00.785  INFO 1576 --- [main] .s.d.r.c.RepositoryConfigurationDelegate : Bootstrapping Spring Data JPA repositories in DEFAULT mode.
2022-02-16 11:53:00.848  INFO 1576 --- [main] .s.d.r.c.RepositoryConfigurationDelegate : Finished Spring Data repository scanning in 51 ms. Found 1 JPA repository interfaces.
2022-02-16 11:53:01.711  INFO 1576 --- [main] o.s.b.w.embedded.tomcat.TomcatWebServer  : Tomcat initialized with port(s): 8080 (http)
2022-02-16 11:53:01.726  INFO 1576 --- [main] o.apache.catalina.core.StandardService   : Starting service [Tomcat]
2022-02-16 11:53:01.726  INFO 1576 --- [main] org.apache.catalina.core.StandardEngine  : Starting Servlet engine: [Apache Tomcat/9.0.56]
2022-02-16 11:53:01.869  INFO 1576 --- [main] o.a.c.c.C.[Tomcat].[localhost].[/]       : Initializing Spring embedded WebApplicationContext
2022-02-16 11:53:01.869  INFO 1576 --- [main] w.s.c.ServletWebServerApplicationContext : Root WebApplicationContext: initialization completed in 2035 ms
2022-02-16 11:53:02.165  INFO 1576 --- [main] o.hibernate.jpa.internal.util.LogHelper  : HHH000204: Processing PersistenceUnitInfo [name: default]
2022-02-16 11:53:02.281  INFO 1576 --- [main] org.hibernate.Version                    : HHH000412: Hibernate ORM core version 5.6.3.Final
2022-02-16 11:53:02.558  INFO 1576 --- [main] o.hibernate.annotations.common.Version   : HCANN000001: Hibernate Commons Annotations {5.1.2.Final}
2022-02-16 11:53:02.655  INFO 1576 --- [main] com.zaxxer.hikari.HikariDataSource       : HikariPool-1 - Starting...
2022-02-16 11:53:03.028  INFO 1576 --- [main] com.zaxxer.hikari.HikariDataSource       : HikariPool-1 - Start completed.
2022-02-16 11:53:03.066  INFO 1576 --- [main] org.hibernate.dialect.Dialect            : HHH000400: Using dialect: org.hibernate.dialect.MySQL8Dialect
2022-02-16 11:53:03.918  INFO 1576 --- [main] o.h.e.t.j.p.i.JtaPlatformInitiator       : HHH000490: Using JtaPlatform implementation: [org.hibernate.engine.transaction.jta.platform.internal.NoJtaPlatform]
2022-02-16 11:53:03.926  INFO 1576 --- [main] j.LocalContainerEntityManagerFactoryBean : Initialized JPA EntityManagerFactory for persistence unit 'default'
2022-02-16 11:53:04.444  WARN 1576 --- [main] JpaBaseConfiguration$JpaWebConfiguration : spring.jpa.open-in-view is enabled by default. Therefore, database queries may be performed during view rendering. Explicitly configure spring.jpa.open-in-view to disable this warning
2022-02-16 11:53:04.883  INFO 1576 --- [main] o.s.b.w.embedded.tomcat.TomcatWebServer  : Tomcat started on port(s): 8080 (http) with context path ''
2022-02-16 11:53:04.895  INFO 1576 --- [main] com.example.userapi.UserApiApplication   : Started UserApiApplication in 5.747 seconds (JVM running for 6.327)
2022-02-16 11:53:26.466  INFO 1576 --- [http-nio-8080-exec-2] o.a.c.c.C.[Tomcat].[localhost].[/]       : Initializing Spring DispatcherServlet 'dispatcherServlet'
2022-02-16 11:53:26.467  INFO 1576 --- [http-nio-8080-exec-2] o.s.web.servlet.DispatcherServlet        : Initializing Servlet 'dispatcherServlet'
2022-02-16 11:53:26.468  INFO 1576 --- [http-nio-8080-exec-2] o.s.web.servlet.DispatcherServlet        : Completed initialization in 1 ms
2022-02-16 11:53:26.881  INFO 1576 --- [http-nio-8080-exec-2] com.example.userapi.UserController       : user created successfully
2022-02-16 11:53:34.511  INFO 1576 --- [http-nio-8080-exec-3] com.example.userapi.UserService          : hello u are trying to print all users
2022-02-16 13:17:27.396  INFO 1576 --- [SpringApplicationShutdownHook] j.LocalContainerEntityManagerFactoryBean : Closing JPA EntityManagerFactory for persistence unit 'default'
2022-02-16 13:17:27.428  INFO 1576 --- [SpringApplicationShutdownHook] com.zaxxer.hikari.HikariDataSource       : HikariPool-1 - Shutdown initiated...
2022-02-16 13:17:27.475  INFO 1576 --- [SpringApplicationShutdownHook] com.zaxxer.hikari.HikariDataSource       : HikariPool-1 - Shutdown completed.
